#
# There is insufficient memory for the Java Runtime Environment to continue.
# Native memory allocation (mmap) failed to map 266338304 bytes for Failed to commit area from 0x0000000703a00000 to 0x0000000713800000 of length 266338304.
# Possible reasons:
#   The system is out of physical RAM or swap space
#   The process is running with CompressedOops enabled, and the Java Heap may be blocking the growth of the native heap
# Possible solutions:
#   Reduce memory load on the system
#   Increase physical memory or swap space
#   Check if swap backing store is full
#   Decrease Java heap size (-Xmx/-Xms)
#   Decrease number of Java threads
#   Decrease Java thread stack sizes (-Xss)
#   Set larger code cache with -XX:ReservedCodeCacheSize=
# This output file may be truncated or incomplete.
#
#  Out of Memory Error (./src/hotspot/os/windows/os_windows.cpp:3521), pid=16440, tid=18980
#
# JRE version:  (11.0.12+7) (build )
# Java VM: OpenJDK 64-Bit Server VM (11.0.12+7-b1504.40, mixed mode, sharing, tiered, compressed oops, g1 gc, windows-amd64)
# No core dump will be written. Minidumps are not enabled by default on client versions of Windows
#

---------------  S U M M A R Y ------------

Command Line: git4idea.http.GitAskPassApp Username for 'https://gitlab.ibcs-primax.com': 

Host: Intel(R) Core(TM) i5-10210U CPU @ 1.60GHz, 8 cores, 15G,  Windows 10 , 64 bit Build 19041 (10.0.19041.1348)
Time: Tue Nov 30 09:44:55 2021 Bangladesh Standard Time elapsed time: 0.008931 seconds (0d 0h 0m 0s)

---------------  T H R E A D  ---------------

Current thread (0x000001e6f01dd000):  JavaThread "Unknown thread" [_thread_in_vm, id=18980, stack(0x0000009c4f800000,0x0000009c4f900000)]

Stack: [0x0000009c4f800000,0x0000009c4f900000]
Native frames: (J=compiled Java code, j=interpreted, Vv=VM code, C=native code)
V  [jvm.dll+0x5ff40a]
V  [jvm.dll+0x783b65]
V  [jvm.dll+0x78517d]
V  [jvm.dll+0x785833]
V  [jvm.dll+0x249408]
V  [jvm.dll+0x5fc7f4]
V  [jvm.dll+0x5f13c5]
V  [jvm.dll+0x3076bb]
V  [jvm.dll+0x30762a]
V  [jvm.dll+0x307502]
V  [jvm.dll+0x30c466]
V  [jvm.dll+0x355543]
V  [jvm.dll+0x355c46]
V  [jvm.dll+0x355643]
V  [jvm.dll+0x2e2018]
V  [jvm.dll+0x2e31c7]
V  [jvm.dll+0x761f57]
V  [jvm.dll+0x76374c]
V  [jvm.dll+0x362ab9]
V  [jvm.dll+0x7455be]
V  [jvm.dll+0x3cb673]
V  [jvm.dll+0x3cda21]
C  [jli.dll+0x536b]
C  [ucrtbase.dll+0x21bb2]
C  [KERNEL32.DLL+0x17034]
C  [ntdll.dll+0x52651]


---------------  P R O C E S S  ---------------

Threads class SMR info:
_java_thread_list=0x000001e6edfd3590, length=0, elements={
}

Java Threads: ( => current thread )

Other Threads:
  0x000001e6f01f3800 GCTaskThread "GC Thread#0" [stack: 0x0000009c4f900000,0x0000009c4fa00000] [id=20864]
  0x000001e6f0250800 ConcurrentGCThread "G1 Main Marker" [stack: 0x0000009c4fa00000,0x0000009c4fb00000] [id=6692]
  0x000001e6f0255000 ConcurrentGCThread "G1 Conc#0" [stack: 0x0000009c4fb00000,0x0000009c4fc00000] [id=7816]

[error occurred during error reporting (printing all threads), id 0xc0000005, EXCEPTION_ACCESS_VIOLATION (0xc0000005) at pc=0x00007ffb0dbb27a7]

VM state:not at safepoint (not fully initialized)

VM Mutex/Monitor currently owned by a thread:  ([mutex/lock_event])
[0x000001e6f01d8940] Heap_lock - owner thread: 0x000001e6f01dd000

Heap address: 0x0000000703a00000, size: 4038 MB, Compressed Oops mode: Non-zero based: 0x0000000703a00000
Narrow klass base: 0x0000000000000000, Narrow klass shift: 0

GC Heap History (0 events):
No events

Deoptimization events (0 events):
No events

Classes redefined (0 events):
No events

Internal exceptions (0 events):
No events

Events (1 events):
Event: 0.004 Loaded shared library C:\Users\rakibul.hasan\AppData\Local\JetBrains\Toolbox\apps\WebStorm\ch-0\212.5457.55\jbr\bin\zip.dll


Dynamic libraries:
0x00007ff63ef60000 - 0x00007ff63ef6a000 	C:\Users\rakibul.hasan\AppData\Local\JetBrains\Toolbox\apps\WebStorm\ch-0\212.5457.55\jbr\bin\java.exe
0x00007ffb85d10000 - 0x00007ffb85f05000 	C:\Windows\SYSTEM32\ntdll.dll
0x00007ffb84810000 - 0x00007ffb848ce000 	C:\Windows\System32\KERNEL32.DLL
0x00007ffb83640000 - 0x00007ffb83908000 	C:\Windows\System32\KERNELBASE.dll
0x00007ffb83c30000 - 0x00007ffb83d30000 	C:\Windows\System32\ucrtbase.dll
0x00007ffb5b920000 - 0x00007ffb5b937000 	C:\Users\rakibul.hasan\AppData\Local\JetBrains\Toolbox\apps\WebStorm\ch-0\212.5457.55\jbr\bin\VCRUNTIME140.dll
0x00007ffb5b710000 - 0x00007ffb5b729000 	C:\Users\rakibul.hasan\AppData\Local\JetBrains\Toolbox\apps\WebStorm\ch-0\212.5457.55\jbr\bin\jli.dll
0x00007ffb84990000 - 0x00007ffb84b31000 	C:\Windows\System32\USER32.dll
0x00007ffb6bb30000 - 0x00007ffb6bdca000 	C:\Windows\WinSxS\amd64_microsoft.windows.common-controls_6595b64144ccf1df_6.0.19041.1110_none_60b5254171f9507e\COMCTL32.dll
0x00007ffb852b0000 - 0x00007ffb8534e000 	C:\Windows\System32\msvcrt.dll
0x00007ffb83610000 - 0x00007ffb83632000 	C:\Windows\System32\win32u.dll
0x00007ffb84d80000 - 0x00007ffb84dab000 	C:\Windows\System32\GDI32.dll
0x00007ffb83400000 - 0x00007ffb8350b000 	C:\Windows\System32\gdi32full.dll
0x00007ffb83910000 - 0x00007ffb839ad000 	C:\Windows\System32\msvcp_win.dll
0x00007ffb846f0000 - 0x00007ffb84720000 	C:\Windows\System32\IMM32.DLL
0x00007ffb45230000 - 0x00007ffb452cd000 	C:\Users\rakibul.hasan\AppData\Local\JetBrains\Toolbox\apps\WebStorm\ch-0\212.5457.55\jbr\bin\msvcp140.dll
0x00007ffb0d8c0000 - 0x00007ffb0e418000 	C:\Users\rakibul.hasan\AppData\Local\JetBrains\Toolbox\apps\WebStorm\ch-0\212.5457.55\jbr\bin\server\jvm.dll
0x00007ffb84720000 - 0x00007ffb847cc000 	C:\Windows\System32\ADVAPI32.dll
0x00007ffb84170000 - 0x00007ffb8420b000 	C:\Windows\System32\sechost.dll
0x00007ffb85110000 - 0x00007ffb8523a000 	C:\Windows\System32\RPCRT4.dll
0x00007ffb84800000 - 0x00007ffb84808000 	C:\Windows\System32\PSAPI.DLL
0x00007ffb71380000 - 0x00007ffb71389000 	C:\Windows\SYSTEM32\WSOCK32.dll
0x00007ffb6de60000 - 0x00007ffb6de87000 	C:\Windows\SYSTEM32\WINMM.dll
0x00007ffb78a00000 - 0x00007ffb78a0a000 	C:\Windows\SYSTEM32\VERSION.dll
0x00007ffb85240000 - 0x00007ffb852ab000 	C:\Windows\System32\WS2_32.dll
0x00007ffb81e10000 - 0x00007ffb81e22000 	C:\Windows\SYSTEM32\kernel.appcore.dll
0x00007ffb734d0000 - 0x00007ffb734e1000 	C:\Users\rakibul.hasan\AppData\Local\JetBrains\Toolbox\apps\WebStorm\ch-0\212.5457.55\jbr\bin\verify.dll
0x00007ffb7da40000 - 0x00007ffb7dc24000 	C:\Windows\SYSTEM32\DBGHELP.DLL
0x00007ffb77450000 - 0x00007ffb7747c000 	C:\Windows\SYSTEM32\dbgcore.DLL
0x00007ffb83b40000 - 0x00007ffb83bc3000 	C:\Windows\System32\bcryptPrimitives.dll
0x00007ffb73330000 - 0x00007ffb73359000 	C:\Users\rakibul.hasan\AppData\Local\JetBrains\Toolbox\apps\WebStorm\ch-0\212.5457.55\jbr\bin\java.dll
0x00007ffb7aa20000 - 0x00007ffb7aa2b000 	C:\Users\rakibul.hasan\AppData\Local\JetBrains\Toolbox\apps\WebStorm\ch-0\212.5457.55\jbr\bin\jimage.dll
0x00007ffb732d0000 - 0x00007ffb732e8000 	C:\Users\rakibul.hasan\AppData\Local\JetBrains\Toolbox\apps\WebStorm\ch-0\212.5457.55\jbr\bin\zip.dll

dbghelp: loaded successfully - version: 4.0.5 - missing functions: none
symbol engine: initialized successfully - sym options: 0x614 - pdb path: .;C:\Users\rakibul.hasan\AppData\Local\JetBrains\Toolbox\apps\WebStorm\ch-0\212.5457.55\jbr\bin;C:\Windows\SYSTEM32;C:\Windows\WinSxS\amd64_microsoft.windows.common-controls_6595b64144ccf1df_6.0.19041.1110_none_60b5254171f9507e;C:\Users\rakibul.hasan\AppData\Local\JetBrains\Toolbox\apps\WebStorm\ch-0\212.5457.55\jbr\bin\server

VM Arguments:
java_command: git4idea.http.GitAskPassApp Username for 'https://gitlab.ibcs-primax.com': 
java_class_path (initial): C:/Users/rakibul.hasan/AppData/Local/JetBrains/Toolbox/apps/WebStorm/ch-0/212.5457.55/plugins/git4idea/lib/git4idea-rt.jar;C:/Users/rakibul.hasan/AppData/Local/JetBrains/Toolbox/apps/WebStorm/ch-0/212.5457.55/lib/3rd-party.jar
Launcher Type: SUN_STANDARD

[Global flags]
     intx CICompilerCount                          = 4                                         {product} {ergonomic}
     uint ConcGCThreads                            = 2                                         {product} {ergonomic}
     uint G1ConcRefinementThreads                  = 8                                         {product} {ergonomic}
   size_t G1HeapRegionSize                         = 1048576                                   {product} {ergonomic}
    uintx GCDrainStackTargetSize                   = 64                                        {product} {ergonomic}
   size_t InitialHeapSize                          = 266338304                                 {product} {ergonomic}
   size_t MarkStackSize                            = 4194304                                   {product} {ergonomic}
   size_t MaxHeapSize                              = 4234149888                                {product} {ergonomic}
   size_t MinHeapDeltaBytes                        = 1048576                                   {product} {ergonomic}
    uintx NonNMethodCodeHeapSize                   = 5836300                                {pd product} {ergonomic}
    uintx NonProfiledCodeHeapSize                  = 122910970                              {pd product} {ergonomic}
    uintx ProfiledCodeHeapSize                     = 122910970                              {pd product} {ergonomic}
    uintx ReservedCodeCacheSize                    = 251658240                              {pd product} {ergonomic}
     bool SegmentedCodeCache                       = true                                      {product} {ergonomic}
     bool UseCompressedClassPointers               = true                                 {lp64_product} {ergonomic}
     bool UseCompressedOops                        = true                                 {lp64_product} {ergonomic}
     bool UseG1GC                                  = true                                      {product} {ergonomic}
     bool UseLargePagesIndividualAllocation        = false                                  {pd product} {ergonomic}

Logging:
Log output configuration:
 #0: stdout all=warning uptime,level,tags
 #1: stderr all=off uptime,level,tags

Environment Variables:
JAVA_HOME=C:\Program Files\Java\jdk-11.0.4
PATH=C:\Program Files\Git\mingw64\libexec\git-core;C:\Program Files\Git\mingw64\libexec\git-core;C:\Program Files\Git\mingw64\bin;C:\Program Files\Git\usr\bin;C:\Users\rakibul.hasan\bin;C:\app\product\12.2.0\client_1\bin;C:\Windows\system32;C:\Windows;C:\Windows\System32\Wbem;C:\Windows\System32\WindowsPowerShell\v1.0;C:\Windows\System32\OpenSSH;C:\Program Files\Git\cmd;C:\Program Files\nodejs;C:\Users\administrator\AppData\Local\Microsoft\WindowsApps;C:\Program Files\Java\jdk-11.0.4\bin;C:\Users\rakibul.hasan\AppData\Roaming\npm;C:\xampp\php;C:\ProgramData\ComposerSetup\bin;C:\Program Files (x86)\Microsoft SQL Server\150\DTS\Binn;C:\Program Files\Azure Data Studio\bin;C:\apache-maven-3.8.3\bin;C:\Users\rakibul.hasan\AppData\Local\Microsoft\WindowsApps;C:\Users\rakibul.hasan\AppData\Local\Programs\Microsoft VS Code\bin;C:\Users\rakibul.hasan\AppData\Roaming\Composer\vendor\bin;C:\Program Files\Azure Data Studio\bin
USERNAME=rakibul.hasan
DISPLAY=:0.0
LC_ALL=en_US.UTF-8
OS=Windows_NT
PROCESSOR_IDENTIFIER=Intel64 Family 6 Model 142 Stepping 12, GenuineIntel



---------------  S Y S T E M  ---------------

OS: Windows 10 , 64 bit Build 19041 (10.0.19041.1348)
OS uptime: 5 days 18:01 hours

CPU:total 8 (initial active 8) (4 cores per cpu, 2 threads per core) family 6 model 142 stepping 12 microcode 0xde, cmov, cx8, fxsr, mmx, sse, sse2, sse3, ssse3, sse4.1, sse4.2, popcnt, avx, avx2, aes, clmul, erms, 3dnowpref, lzcnt, ht, tsc, tscinvbit, bmi1, bmi2, adx, fma

Memory: 4k page, system-wide physical 16144M (551M free)
TotalPageFile size 31443M (AvailPageFile size 205M)
current process WorkingSet (physical memory assigned to process): 10M, peak: 10M
current process commit charge ("private bytes"): 60M, peak: 314M

vm_info: OpenJDK 64-Bit Server VM (11.0.12+7-b1504.40) for windows-amd64 JRE (11.0.12+7-b1504.40), built on Sep 23 2021 14:38:03 by "" with MS VC++ 14.0 (VS2015)

END.
